<?xml version="1.0" encoding="UTF-8"?>
<!-- Generated by org.testng.reporters.JUnitXMLReporter -->
<testsuite hostname="DESKTOP-J1AHFHL" ignored="1" name="Default test" tests="1" failures="0" timestamp="2020-01-28T19:59:11 IST" time="41.673" errors="0">
  <testcase name="UploadCustomer" time="23.105" classname="com.PS.tests.NcustomerDetails"/>
  <testcase name="CreateCustomer" time="0.0" classname="com.PS.tests.NcustomerDetails">
    <ignored/>
  </testcase> <!-- CreateCustomer -->
</testsuite> <!-- Default test -->
