<?xml version="1.0" encoding="UTF-8"?>
<testng-results skipped="0" failed="0" ignored="4" total="5" passed="1">
  <reporter-output>
  </reporter-output>
  <suite name="Default suite" duration-ms="33114" started-at="2020-01-29T13:17:35 IST" finished-at="2020-01-29T13:18:08 IST">
    <groups>
    </groups>
    <test name="Default test" duration-ms="33114" started-at="2020-01-29T13:17:35 IST" finished-at="2020-01-29T13:18:08 IST">
      <class name="com.PS.tests.NcustomerDetails">
        <test-method status="PASS" signature="createReport()[pri:0, instance:com.PS.tests.NcustomerDetails@34cd072c]" name="createReport" is-config="true" duration-ms="183" started-at="2020-01-29T13:17:34 IST" finished-at="2020-01-29T13:17:35 IST">
          <reporter-output>
          </reporter-output>
        </test-method> <!-- createReport -->
        <test-method status="PASS" signature="setup(java.lang.String)[pri:0, instance:com.PS.tests.NcustomerDetails@34cd072c]" name="setup" is-config="true" duration-ms="11420" started-at="2020-01-29T13:17:35 IST" finished-at="2020-01-29T13:17:46 IST">
          <params>
            <param index="0">
              <value>
                <![CDATA[Chrome]]>
              </value>
            </param>
          </params>
          <reporter-output>
          </reporter-output>
        </test-method> <!-- setup -->
        <test-method status="PASS" signature="customerUpdate()[pri:0, instance:com.PS.tests.NcustomerDetails@34cd072c]" name="customerUpdate" duration-ms="21330" started-at="2020-01-29T13:17:46 IST" finished-at="2020-01-29T13:18:07 IST">
          <reporter-output>
          </reporter-output>
        </test-method> <!-- customerUpdate -->
        <test-method status="PASS" signature="tearDown()[pri:0, instance:com.PS.tests.NcustomerDetails@34cd072c]" name="tearDown" is-config="true" duration-ms="0" started-at="2020-01-29T13:18:08 IST" finished-at="2020-01-29T13:18:08 IST">
          <reporter-output>
          </reporter-output>
        </test-method> <!-- tearDown -->
        <test-method status="PASS" signature="closeReport()[pri:0, instance:com.PS.tests.NcustomerDetails@34cd072c]" name="closeReport" is-config="true" duration-ms="490" started-at="2020-01-29T13:18:08 IST" finished-at="2020-01-29T13:18:08 IST">
          <reporter-output>
          </reporter-output>
        </test-method> <!-- closeReport -->
      </class> <!-- com.PS.tests.NcustomerDetails -->
    </test> <!-- Default test -->
  </suite> <!-- Default suite -->
</testng-results>
